<?xml version="1.0" encoding="UTF-8"?>
<!-- Generated by org.testng.reporters.JUnitReportReporter -->
<testsuite hostname="maria-Vostro-3501" failures="0" tests="2" name="seleniumOrganization.test.StandAloneTestNew" time="19.799" errors="0" timestamp="2024-03-28T13:50:45 IST" skipped="0">
  <testcase classname="seleniumOrganization.test.StandAloneTestNew" name="submitOrder" time="15.824"/>
  <testcase classname="seleniumOrganization.test.StandAloneTestNew" name="orderHistoryTest" time="3.975"/>
</testsuite> <!-- seleniumOrganization.test.StandAloneTestNew -->
