<?xml version="1.0" encoding="UTF-8"?>
<!-- Generated by org.testng.reporters.JUnitReportReporter -->
<testsuite hostname="maria-Vostro-3501" failures="0" tests="2" name="seleniumOrganization.test.ErrorValidations" time="14.026" errors="0" timestamp="2024-03-28T11:47:58 IST" skipped="0">
  <testcase classname="seleniumOrganization.test.ErrorValidations" name="loginForErrorValidation" time="0.512"/>
  <testcase classname="seleniumOrganization.test.ErrorValidations" name="productErrorValidation" time="13.514"/>
</testsuite> <!-- seleniumOrganization.test.ErrorValidations -->
